Dec 16 22:44:08.000 [notice] Tor 0.3.4.9 (git-4ac3ccf2863b86e7) opening new log file.
Dec 16 22:44:08.728 [notice] Tor 0.3.4.9 (git-4ac3ccf2863b86e7) running on Linux with Libevent 2.1.8-stable, OpenSSL 1.0.2o, Zlib 1.2.11, Liblzma N/A, and Libzstd N/A.
Dec 16 22:44:08.728 [notice] Tor can't help you if you use it wrong! Learn how to be safe at https://www.torproject.org/download/download#warning
Dec 16 22:44:08.728 [notice] Configuration file "/nonexistent" not present, using reasonable defaults.
Dec 16 22:44:08.736 [notice] Scheduler type KIST has been enabled.
Dec 16 22:44:08.737 [notice] Opening Socks listener on 127.0.0.1:9390
Dec 16 22:44:08.737 [notice] Opening Control listener on 127.0.0.1:0
Dec 16 22:44:08.737 [notice] Control listener listening on port 39361.
Dec 16 22:44:08.000 [notice] Bootstrapped 0%: Starting
Dec 16 22:44:10.000 [notice] Starting with guard context "default"
Dec 16 22:44:10.000 [notice] Bootstrapped 45%: Asking for relay descriptors
Dec 16 22:44:11.000 [notice] Bootstrapped 63%: Loading relay descriptors
Dec 16 22:44:12.000 [notice] Bootstrapped 68%: Loading relay descriptors
Dec 16 22:44:12.000 [notice] Bootstrapped 77%: Loading relay descriptors
Dec 16 22:44:12.000 [notice] Bootstrapped 80%: Connecting to the Tor network
Dec 16 22:44:13.000 [notice] Bootstrapped 90%: Establishing a Tor circuit
Dec 16 22:44:14.000 [notice] Tor has successfully opened a circuit. Looks like client functionality is working.
Dec 16 22:44:14.000 [notice] Bootstrapped 100%: Done
Dec 16 22:44:16.000 [notice] Have tried resolving or connecting to address '[scrubbed]' at 3 different places. Giving up.
Dec 16 22:44:22.000 [notice] Have tried resolving or connecting to address '[scrubbed]' at 3 different places. Giving up.
Dec 16 22:44:42.000 [notice] Have tried resolving or connecting to address '[scrubbed]' at 3 different places. Giving up.
Dec 16 22:45:09.000 [notice] Have tried resolving or connecting to address '[scrubbed]' at 3 different places. Giving up.
Dec 16 22:45:52.000 [notice] Catching signal TERM, exiting cleanly.
