Handbrake Version: 1.1.1 (2018061800)
[19:39:40] gtkgui: Preset: /General/Fast 720p30
[19:39:40] 1 job(s) to process
[19:39:40] json job:
{
    "Audio": {
        "AudioList": [
            {
                "Bitrate": 48,
                "CompressionLevel": -1.0,
                "DRC": 0.0,
                "DitherMethod": "auto",
                "Encoder": "av_aac",
                "Gain": 0.0,
                "Mixdown": "mono",
                "NormalizeMixLevel": false,
                "PresetEncoder": "av_aac",
                "Quality": -3.0,
                "Samplerate": 0,
                "Track": 0
            }
        ],
        "CopyMask": [
            "copy:aac"
        ],
        "FallbackEncoder": "av_aac"
    },
    "Destination": {
        "AlignAVStart": true,
        "ChapterList": [
            {
                "Name": ""
            }
        ],
        "ChapterMarkers": false,
        "File": "/home/s373/Vídeos/100_4204.m4v",
        "InlineParameterSets": false,
        "Mp4Options": {
            "IpodAtom": false,
            "Mp4Optimize": false
        },
        "Mux": "m4v"
    },
    "Filters": {
        "FilterList": [
            {
                "ID": 3,
                "Settings": {
                    "block-height": "16",
                    "block-thresh": "40",
                    "block-width": "16",
                    "filter-mode": "2",
                    "mode": "3",
                    "motion-thresh": "1",
                    "spatial-metric": "2",
                    "spatial-thresh": "1"
                }
            },
            {
                "ID": 4,
                "Settings": {
                    "mode": "7"
                }
            },
            {
                "ID": 6,
                "Settings": {
                    "mode": 2,
                    "rate": "27000000/900000"
                }
            },
            {
                "ID": 11,
                "Settings": {
                    "crop-bottom": 0,
                    "crop-left": 0,
                    "crop-right": 0,
                    "crop-top": 0,
                    "height": 480,
                    "width": 640
                }
            }
        ]
    },
    "Metadata": {
        "Comment": "EASTMAN KODAK COMPANY  KODAK C122 DIGITAL CAMERA",
        "Name": "100_4204"
    },
    "PAR": {
        "Den": 1,
        "Num": 1
    },
    "SequenceID": 0,
    "Source": {
        "Angle": 0,
        "Path": "/run/media/s373/0004-9AD9/DCIM/100KC122/100_4204.MOV",
        "Range": {
            "End": 1,
            "Start": 1,
            "Type": "chapter"
        },
        "Title": 1
    },
    "Subtitle": {
        "Search": {
            "Burn": true,
            "Default": false,
            "Enable": false,
            "Forced": false
        },
        "SubtitleList": []
    },
    "Video": {
        "ColorMatrixCode": 0,
        "Encoder": "x264",
        "Level": "3.1",
        "Options": "",
        "Preset": "fast",
        "Profile": "main",
        "QSV": {
            "AsyncDepth": 4,
            "Decode": false
        },
        "Quality": 21.0,
        "Tune": "",
        "Turbo": false,
        "TwoPass": false
    }
}
[19:39:40] CPU: Intel(R) Celeron(R) CPU  J1800  @ 2.41GHz
[19:39:40]  - Intel microarchitecture Silvermont
[19:39:40]  - logical processor count: 2
[19:39:40] hb_scan: path=/run/media/s373/0004-9AD9/DCIM/100KC122/100_4204.MOV, title_index=1
udfread ERROR: ECMA 167 Volume Recognition failed
disc.c:323: failed opening UDF image /run/media/s373/0004-9AD9/DCIM/100KC122/100_4204.MOV
disc.c:424: error opening file BDMV/index.bdmv
disc.c:424: error opening file BDMV/BACKUP/index.bdmv
[19:39:40] bd: not a bd - trying as a stream/file instead
libdvdnav: Using dvdnav version 5.0.3
libdvdread: Encrypted DVD support unavailable.
libdvdread:DVDOpenFileUDF:UDFFindFile /VIDEO_TS/VIDEO_TS.IFO failed
libdvdread:DVDOpenFileUDF:UDFFindFile /VIDEO_TS/VIDEO_TS.BUP failed
libdvdread: Can't open file VIDEO_TS.IFO.
libdvdnav: vm: failed to read VIDEO_TS.IFO
[19:39:40] dvd: not a dvd - trying as a stream/file instead
Input #0, mov,mp4,m4a,3gp,3g2,mj2, from '/run/media/s373/0004-9AD9/DCIM/100KC122/100_4204.MOV':
  Metadata:
    creation_time   : 2014-08-21 12:19:52
    original_format : Digital Camera
    original_format-eng: Digital Camera
    comment         : EASTMAN KODAK COMPANY  KODAK C122 DIGITAL CAMERA
    comment-eng     : EASTMAN KODAK COMPANY  KODAK C122 DIGITAL CAMERA
  Duration: 00:01:21.36, start: 0.000000, bitrate: 10879 kb/s
    Stream #0:0(eng): Video: mjpeg [mjpa / 0x61706A6D]
      yuvj420p, pc, bt470bg/unknown/unknown
      640x480 [PAR 1:1 DAR 4:3], 10809 kb/s
      29,67 fps, 296799 tbn (default)
    Metadata:
      creation_time   : 2014-08-21 12:19:52
      encoder         : Motion-JPEG A
    Stream #0:1(eng): Audio: pcm_mulaw [ulaw / 0x77616C75]
      8000 Hz, 1 channels, s16, 64 kb/s (default)
    Metadata:
      creation_time   : 2014-08-21 12:19:52
[19:39:40] scan: decoding previews for title 1
[19:39:40] scan: audio 0x1: pcm_mulaw, rate=8000Hz, bitrate=64000 English (pcm_mulaw) (1.0 ch)
[19:39:41] scan: 10 previews, 640x480, 29,680 fps, autocrop = 0/0/0/0, aspect 4:3, PAR 1:1
[19:39:41] libhb: scan thread found 1 valid title(s)
[19:39:41] starting job
[19:39:41] decomb filter thread started for segment 1
[19:39:41] job configuration:
[19:39:41]  * source
[19:39:41]    + /run/media/s373/0004-9AD9/DCIM/100KC122/100_4204.MOV
[19:39:41]    + title 1, chapter(s) 1 to 1
[19:39:41]    + container: mov,mp4,m4a,3gp,3g2,mj2
[19:39:41]    + data rate: 10879 kbps
[19:39:41]  * destination
[19:39:41]    + /home/s373/Vídeos/100_4204.m4v
[19:39:41]    + container: MPEG-4 (libavformat)
[19:39:41]      + align initial A/V stream timestamps
[19:39:41]  * video track
[19:39:41]    + decoder: mjpeg
[19:39:41]      + bitrate 10809 kbps
[19:39:41]    + filters
[19:39:41]      + Comb Detect (mode=3:spatial-metric=2:motion-thresh=1:spatial-thresh=1:filter-mode=2:block-thresh=40:block-width=16:block-height=16)
[19:39:41]      + Decomb (mode=39)
[19:39:41]      + Framerate Shaper (mode=2:rate=27000000/900000)
[19:39:41]        + frame rate: 29,680 fps -> peak rate limited to 30,000 fps
[19:39:41]      + Crop and Scale (width=640:height=480:crop-top=0:crop-bottom=0:crop-left=0:crop-right=0)
[19:39:41]        + source: 640 * 480, crop (0/0/0/0): 640 * 480, scale: 640 * 480
[19:39:41]    + Output geometry
[19:39:41]      + storage dimensions: 640 x 480
[19:39:41]      + pixel aspect ratio: 1 : 1
[19:39:41]      + display dimensions: 640 x 480
[19:39:41]    + encoder: H.264 (libx264)
[19:39:41]      + preset:  fast
[19:39:41]      + profile: main
[19:39:41]      + level:   3.1
[19:39:41]      + quality: 21,00 (RF)
[19:39:41]  * audio track 1
[19:39:41]    + decoder: English (pcm_mulaw) (1.0 ch) (track 1, id 0x1)
[19:39:41]      + bitrate: 64 kbps, samplerate: 8000 Hz
[19:39:41]    + mixdown: Mono
[19:39:41]    + encoder: AAC (libavcodec)
[19:39:41]      + bitrate: 48 kbps, samplerate: 8000 Hz
[19:39:41] yadif thread started for segment 0
[19:39:41] yadif thread started for segment 1
[19:39:41] mask dilate thread started for segment 0
[19:39:41] mask erode thread started for segment 0
[19:39:41] mask filter thread started for segment 0
[19:39:41] decomb check thread started for segment 0
[19:39:41] mask dilate thread started for segment 1
[19:39:41] mask erode thread started for segment 1
[19:39:41] mask filter thread started for segment 1
[19:39:41] decomb check thread started for segment 1
[19:39:41] decomb filter thread started for segment 0
[19:39:41] sync: expecting 2415 video frames
[19:39:41] encx264: min-keyint: 30, keyint: 300
[19:39:41] encx264: encoding at constant RF 21,000000
[19:39:41] encx264: unparsed options: level=3.1:ref=2:8x8dct=0:weightp=1:subme=6:vbv-bufsize=14000:vbv-maxrate=14000:rc-lookahead=30
x264 [info]: using SAR=1/1
x264 [info]: using cpu capabilities: MMX2 SSE2Fast SSSE3 SSE4.2
x264 [info]: profile Main, level 3.1
[19:39:41] sync: first pts video is 0
[19:39:41] sync: Chapter 1 at frame 1 time 0
[19:39:41] sync: first pts audio 0x1 is 0
