Handbrake Version: 1.0.7 (2017041000)
[18:07:12] gtkgui: Preset: /General/Fast 1080p30
[18:07:12] 1 job(s) to process
[18:07:12] json job:
{
    "Audio": {
        "AudioList": [
            {
                "Bitrate": 160,
                "CompressionLevel": -1.0,
                "DRC": 0.0,
                "DitherMethod": "auto",
                "Encoder": "av_aac",
                "Gain": 0.0,
                "Mixdown": "stereo",
                "NormalizeMixLevel": false,
                "PresetEncoder": "av_aac",
                "Quality": -3.0,
                "Samplerate": "auto",
                "Track": 0
            }
        ],
        "CopyMask": [
            "copy:aac"
        ],
        "FallbackEncoder": "av_aac"
    },
    "Destination": {
        "ChapterList": [
            {
                "Name": ""
            }
        ],
        "ChapterMarkers": false,
        "File": "/home/s373/Vídeos/Arch.m4v",
        "Mp4Options": {
            "IpodAtom": false,
            "Mp4Optimize": false
        },
        "Mux": "m4v"
    },
    "Filters": {
        "FilterList": [
            {
                "ID": 3,
                "Settings": {
                    "block-height": "16",
                    "block-thresh": "40",
                    "block-width": "16",
                    "filter-mode": "2",
                    "mode": "3",
                    "motion-thresh": "1",
                    "spatial-metric": "2",
                    "spatial-thresh": "1"
                }
            },
            {
                "ID": 4,
                "Settings": {
                    "mode": "7"
                }
            },
            {
                "ID": 6,
                "Settings": {
                    "mode": 2,
                    "rate": "27000000/900000"
                }
            },
            {
                "ID": 11,
                "Settings": {
                    "crop-bottom": 0,
                    "crop-left": 0,
                    "crop-right": 0,
                    "crop-top": 0,
                    "height": 768,
                    "width": 1366
                }
            }
        ]
    },
    "Metadata": {
        "Name": "Arch"
    },
    "PAR": {
        "Den": 1,
        "Num": 1
    },
    "SequenceID": 0,
    "Source": {
        "Angle": 0,
        "Path": "/home/s373/Arch.mkv",
        "Range": {
            "End": 1,
            "Start": 1,
            "Type": "chapter"
        },
        "Title": 1
    },
    "Subtitle": {
        "Search": {
            "Burn": true,
            "Default": false,
            "Enable": false,
            "Forced": false
        },
        "SubtitleList": []
    },
    "Video": {
        "ColorMatrixCode": 0,
        "Encoder": "x264",
        "Level": "4.0",
        "OpenCL": false,
        "Options": "",
        "Preset": "fast",
        "Profile": "main",
        "QSV": {
            "AsyncDepth": 4,
            "Decode": false
        },
        "Quality": 22.0,
        "Tune": "",
        "Turbo": false,
        "TwoPass": false
    }
}
[18:07:12] CPU: Intel(R) Celeron(R) CPU  J1800  @ 2.41GHz
[18:07:12]  - Intel microarchitecture Silvermont
[18:07:12]  - logical processor count: 2
[18:07:12] hb_scan: path=/home/s373/Arch.mkv, title_index=1
udfread ERROR: ECMA 167 Volume Recognition failed
disc.c:274: failed opening UDF image /home/s373/Arch.mkv
disc.c:352: error opening file BDMV/index.bdmv
disc.c:352: error opening file BDMV/BACKUP/index.bdmv
[18:07:12] bd: not a bd - trying as a stream/file instead
libdvdnav: Using dvdnav version 5.0.1
libdvdread: Encrypted DVD support unavailable.
libdvdread:DVDOpenFileUDF:UDFFindFile /VIDEO_TS/VIDEO_TS.IFO failed
libdvdread:DVDOpenFileUDF:UDFFindFile /VIDEO_TS/VIDEO_TS.BUP failed
libdvdread: Can't open file VIDEO_TS.IFO.
libdvdnav: vm: failed to read VIDEO_TS.IFO
[18:07:12] dvd: not a dvd - trying as a stream/file instead
Input #0, matroska,webm, from '/home/s373/Arch.mkv':
  Metadata:
    ENCODER         : Lavf57.83.100
  Duration: 00:00:03.84, start: 0.000000, bitrate: N/A
    Stream #0:0: Video: ffvhuff [FFVH / 0x48564646]
      bgra, 1366x768, PAR 1:1 DAR 683:384
      29,97 fps, 1k tbn (default)
    Metadata:
      ENCODER         : Lavc57.107.100 ffvhuff
      DURATION        : 00:00:03.837000000
    Stream #0:1: Audio: flac
      48000 Hz, stereo, s16 (default)
    Metadata:
      ENCODER         : Lavc57.107.100 flac
      DURATION        : 00:00:03.841000000
[18:07:12] scan: decoding previews for title 1
[18:07:12] scan: audio 0x1: flac, rate=48000Hz, bitrate=1 Unknown (FLAC) (2.0 ch)
[18:07:13] scan: 10 previews, 1366x768, 29,970 fps, autocrop = 0/0/0/0, aspect 16:9, PAR 1:1
[18:07:13] libhb: scan thread found 1 valid title(s)
[18:07:13] starting job
[18:07:13] decomb filter thread started for segment 1
[18:07:13] decomb filter thread started for segment 0
[18:07:13] job configuration:
[18:07:13]  * source
[18:07:13]    + /home/s373/Arch.mkv
[18:07:13]    + title 1, chapter(s) 1 to 1
[18:07:13]    + container: matroska,webm
[18:07:13]  * destination
[18:07:13]    + /home/s373/Vídeos/Arch.m4v
[18:07:13]    + container: MPEG-4 (libavformat)
[18:07:13]  * video track
[18:07:13]    + decoder: ffvhuff
[18:07:13]    + filters
[18:07:13]      + Comb Detect (mode=3:spatial-metric=2:motion-thresh=1:spatial-thresh=1:filter-mode=2:block-thresh=40:block-width=16:block-height=16)
[18:07:13]      + Decomb (mode=39)
[18:07:13]      + Framerate Shaper (mode=2:rate=27000000/900000)
[18:07:13]        + frame rate: 29,970 fps -> peak rate limited to 30,000 fps
[18:07:13]      + Crop and Scale (width=1366:height=768:crop-top=0:crop-bottom=0:crop-left=0:crop-right=0)
[18:07:13]        + source: 1366 * 768, crop (0/0/0/0): 1366 * 768, scale: 1366 * 768
[18:07:13]    + Output geometry
[18:07:13]      + storage dimensions: 1366 x 768
[18:07:13]      + pixel aspect ratio: 1 : 1
[18:07:13]      + display dimensions: 1366 x 768
[18:07:13]    + encoder: H.264 (libx264)
[18:07:13]      + preset:  fast
[18:07:13]      + profile: main
[18:07:13]      + level:   4.0
[18:07:13]      + quality: 22,00 (RF)
[18:07:13]  * audio track 1
[18:07:13]    + decoder: Unknown (FLAC) (2.0 ch) (track 1, id 0x1)
[18:07:13]      + samplerate: 48000 Hz
[18:07:13]    + mixdown: Stereo
[18:07:13]    + encoder: AAC (libavcodec)
[18:07:13]      + bitrate: 160 kbps, samplerate: 48000 Hz
[18:07:13] mask erode thread started for segment 1
[18:07:13] mask filter thread started for segment 1
[18:07:13] mask erode thread started for segment 0
[18:07:13] mask filter thread started for segment 0
[18:07:13] decomb check thread started for segment 1
[18:07:13] decomb check thread started for segment 0
[18:07:13] yadif thread started for segment 1
[18:07:13] yadif thread started for segment 0
[18:07:13] mask dilate thread started for segment 1
[18:07:13] mask dilate thread started for segment 0
[18:07:13] sync: expecting 115 video frames
[18:07:13] encx264: min-keyint: 30, keyint: 300
[18:07:13] encx264: encoding at constant RF 22,000000
[18:07:13] encx264: unparsed options: level=4.0:ref=2:8x8dct=0:weightp=1:subme=6:vbv-bufsize=25000:vbv-maxrate=20000:rc-lookahead=30
x264 [info]: using SAR=1/1
x264 [info]: using cpu capabilities: MMX2 SSE2Fast SSSE3 SSE4.2
x264 [info]: profile Main, level 4.0
[18:07:14] sync: first pts video is 0
[18:07:14] sync: Chapter 1 at frame 1 time 0
[18:07:16] sync: first pts audio 0x1 is 0
[18:07:17] reader: done. 1 scr changes
[18:07:23] work: average encoding speed for job is 0,000000 fps
[18:07:23] comb detect: heavy 1 | light 0 | uncombed 113 | total 114
[18:07:23] decomb: deinterlaced 1 | blended 0 | unfiltered 113 | total 114
[18:07:23] vfr: 114 frames output, 0 dropped and 0 duped for CFR/PFR
[18:07:23] vfr: lost time: 0 (0 frames)
[18:07:23] vfr: gained time: 0 (0 frames) (0 not accounted for)
[18:07:23] flac-decoder done: 40 frames, 0 decoder errors
[18:07:23] ffvhuff-decoder done: 114 frames, 0 decoder errors
[18:07:23] sync: got 114 frames, 115 expected
[18:07:23] sync: framerate min 14,925 fps, max 29,970 fps, avg 29,707 fps
x264 [info]: frame I:1     Avg QP:16,70  size: 83733
x264 [info]: frame P:39    Avg QP:23,22  size: 11804
x264 [info]: frame B:74    Avg QP:24,78  size:  2896
x264 [info]: consecutive B-frames: 10,5%  5,3% 10,5% 73,7%
x264 [info]: mb I  I16..4: 60,3%  0,0% 39,7%
x264 [info]: mb P  I16..4:  2,2%  0,0%  4,0%  P16..4:  6,4%  1,1%  0,7%  0,0%  0,0%    skip:85,7%
x264 [info]: mb B  I16..4:  0,2%  0,0%  1,1%  B16..8:  6,3%  1,0%  0,1%  direct: 0,3%  skip:90,9%  L0:57,8% L1:38,3% BI: 3,9%
x264 [info]: coded y,uvDC,uvAC intra: 42,9% 60,2% 57,9% inter: 0,5% 0,9% 0,7%
x264 [info]: i16 v,h,dc,p: 80% 18%  1%  0%
x264 [info]: i4 v,h,dc,ddl,ddr,vr,hd,vl,hu: 37% 22% 21%  2%  4%  3%  3%  4%  3%
x264 [info]: i8c dc,h,v,p: 62% 12% 26%  1%
x264 [info]: Weighted P-Frames: Y:0,0% UV:0,0%
x264 [info]: ref P L0: 36,8% 63,2%
x264 [info]: ref B L0: 87,7% 12,3%
x264 [info]: ref B L1: 94,1%  5,9%
x264 [info]: kb/s:1581,01
[18:07:23] mux: track 0, 114 frames, 758336 bytes, 1567,40 kbps, fifo 128
[18:07:23] mux: track 1, 180 frames, 77024 bytes, 159,20 kbps, fifo 256
[18:07:23] libhb: work result = 0
