VirtualBox XPCOM Server 5.2.16 r123745 linux.amd64 (Jul 31 2018 19:13:35) release log
00:00:00.000642 main     Log opened 2018-08-16T03:44:48.882609000Z
00:00:00.000645 main     Build Type: release
00:00:00.000649 main     OS Product: Linux
00:00:00.000651 main     OS Release: 4.17.14-arch1-1-ARCH
00:00:00.000654 main     OS Version: #1 SMP PREEMPT Thu Aug 9 11:56:50 UTC 2018
00:00:00.000695 main     DMI Product Name: MPxx
00:00:00.000717 main     DMI Product Version: 1.0
00:00:00.000787 main     Host RAM: 3821MB (3.7GB) total, 1902MB available
00:00:00.000792 main     Executable: /usr/lib/virtualbox/VBoxSVC
00:00:00.000793 main     Process ID: 26658
00:00:00.000794 main     Package type: LINUX_64BITS_GENERIC (OSE)
00:00:00.010460 main     IPC socket path: /tmp/.vbox-s373-ipc/ipcd
00:00:00.128514 nspr-2   VirtualBox: object creation starts
00:00:00.128655 nspr-2   Home directory: '/home/s373/.config/VirtualBox'
00:00:00.128919 nspr-2   Loading settings file "/home/s373/.config/VirtualBox/VirtualBox.xml" with version "1.14-linux"
00:00:00.131008 nspr-2   Successfully initialised host USB using sysfs
00:00:00.147668 nspr-2   NetIfAdpCtlOut: VBoxNetAdpCtl: Error while retrieving link speed for g3net2: VBoxNetAdpCtl: ioctl failed: Operation not supported
00:00:00.151250 nspr-2   NAT: resolv.conf: nameserver 192.168.0.1
00:00:00.151306 nspr-2   HostDnsMonitor: old information
00:00:00.151317 nspr-2     no server entries
00:00:00.151326 nspr-2     no domain set
00:00:00.151335 nspr-2     no search string entries
00:00:00.151343 nspr-2   HostDnsMonitor: new information
00:00:00.151351 nspr-2     server 1: 192.168.0.1
00:00:00.151360 nspr-2     no domain set
00:00:00.151368 nspr-2     no search string entries
00:00:00.151381 nspr-2   HostDnsMonitorProxy::notify
00:00:00.157112 nspr-2   VD: VDInit finished with VINF_SUCCESS
00:00:00.157278 nspr-2   ERROR [COM]: aRC=NS_ERROR_FAILURE (0x80004005) aIID={0eb668d2-495e-5a36-8890-29999b5f030c} aComponent={SystemPropertiesWrap} aText={Cannot determine default Guest Additions ISO location. Most likely they are not available}, preserve=false aResultDetail=0
00:00:00.175864 nspr-2   Loading settings file "/home/s373/VirtualBox VMs/Whonix-Gateway/Whonix-Gateway.vbox" with version "1.15-linux"
00:00:00.176857 nspr-2   Loading settings file "/home/s373/VirtualBox VMs/android_/android_.vbox" with version "1.16-linux"
00:00:00.180860 nspr-2   VirtualBox: object created
00:00:04.766332 nspr-4   Saving settings file "/home/s373/.config/VirtualBox/VirtualBox.xml" with version "1.14-linux"
00:00:04.872189 nspr-4   Saving settings file "/home/s373/.config/VirtualBox/VirtualBox.xml" with version "1.14-linux"
00:00:16.812298 nspr-7   ERROR [COM]: aRC=VBOX_E_OBJECT_NOT_FOUND (0x80bb0001) aIID={edba9d10-45d8-b440-1712-46ac0c9bc4c5} aComponent={ExtPackManagerWrap} aText={No extension pack by the name 'Oracle VM VirtualBox Extension Pack' was found}, preserve=false aResultDetail=0
00:00:17.038836 nspr-5   ERROR [COM]: aRC=VBOX_E_IPRT_ERROR (0x80bb0005) aIID={85cd948e-a71f-4289-281e-0ca7ad48cd89} aComponent={SessionMachine} aText={Saved screenshot data is not available (VERR_NOT_SUPPORTED)}, preserve=false aResultDetail=0
00:00:17.145567 nspr-3   NetIfAdpCtlOut: VBoxNetAdpCtl: Error while retrieving link speed for g3net2: VBoxNetAdpCtl: ioctl failed: Operation not supported
00:00:17.488262 nspr-4   NetIfAdpCtlOut: VBoxNetAdpCtl: Error while retrieving link speed for g3net2: VBoxNetAdpCtl: ioctl failed: Operation not supported
00:00:21.721315 nspr-2   Saving settings file "/home/s373/.config/VirtualBox/VirtualBox.xml" with version "1.14-linux"
00:00:21.793187 nspr-7   Saving settings file "/home/s373/.config/VirtualBox/VirtualBox.xml" with version "1.14-linux"
00:03:10.412831 nspr-7   ERROR [COM]: aRC=VBOX_E_IPRT_ERROR (0x80bb0005) aIID={85cd948e-a71f-4289-281e-0ca7ad48cd89} aComponent={SessionMachine} aText={Saved screenshot data is not available (VERR_NOT_SUPPORTED)}, preserve=false aResultDetail=0
00:33:28.038040 main     Saving settings file "/home/s373/VirtualBox VMs/android_/android_.vbox" with version "1.16-linux"
00:33:28.398419 main     VirtualBox: object deletion starts
00:33:28.406385 main     ERROR [COM]: aRC=VBOX_E_OBJECT_IN_USE (0x80bb000c) aIID={4afe423b-43e0-e9d0-82e8-ceb307940dda} aComponent={MediumWrap} aText={Medium '/home/s373/VirtualBox VMs/Whonix-Gateway/Whonix-Gateway-13.0.0.1.4-disk1.vmdk' cannot be closed because it is still attached to 1 virtual machines}, preserve=false aResultDetail=0
00:33:28.407081 main     ERROR [COM]: aRC=VBOX_E_OBJECT_IN_USE (0x80bb000c) aIID={4afe423b-43e0-e9d0-82e8-ceb307940dda} aComponent={MediumWrap} aText={Medium '/home/s373/VirtualBox VMs/android_/android_.vdi' cannot be closed because it is still attached to 1 virtual machines}, preserve=false aResultDetail=0
00:33:28.799729 Watcher  ERROR [COM]: aRC=E_ACCESSDENIED (0x80070005) aIID={9570b9d5-f1a1-448a-10c5-e12f5285adad} aComponent={VirtualBoxWrap} aText={The object is not ready}, preserve=false aResultDetail=0
00:33:33.414336 main     {00007fad28019530} HostPowerServiceLinux::~HostPowerServiceLinux: RTThreadWait() for 5000 ms failed with VERR_TIMEOUT
00:33:33.449328 main     VirtualBox: object deleted
